<?xml version="1.0" encoding="UTF-8"?>
<!-- Generated by org.testng.reporters.JUnitReportReporter -->
<testsuite skipped="0" hostname="Santo" name="TestRunner.CucumberRunner$CucumberRunnerTests" tests="3" failures="0" timestamp="2023-05-31T17:23:50 BDT" time="15.754" errors="0">
  <testcase name="runScenario" time="9.324" classname="TestRunner.CucumberRunner$CucumberRunnerTests"/>
  <system-out/>
  <testcase name="runScenario" time="3.203" classname="TestRunner.CucumberRunner$CucumberRunnerTests"/>
  <system-out/>
  <testcase name="runScenario" time="3.227" classname="TestRunner.CucumberRunner$CucumberRunnerTests"/>
  <system-out/>
</testsuite> <!-- TestRunner.CucumberRunner$CucumberRunnerTests -->
